\BOOKMARK [0][-]{chapter.1}{\376\377\145\160\133\146\121\306\131\007}{}% 1
\BOOKMARK [1][-]{section.1.1}{\376\377\000G\000a\000u\000s\000s\171\357\122\006\123\312\121\166\142\323\134\125}{chapter.1}% 2
\BOOKMARK [1][-]{asg.1}{\376\377\123\302\200\003\145\207\163\056}{chapter.1}% 3
\BOOKMARK [0][-]{chapter.2}{\376\377\000H\000a\000m\000i\000l\000t\000o\000n\122\233\133\146}{}% 4
\BOOKMARK [1][-]{section.2.1}{\376\377\162\133\230\177\217\320\122\250\145\271\172\013}{chapter.2}% 5
\BOOKMARK [2][-]{subsection.2.1.1}{\376\377\162\133\230\177\217\320\122\250\145\271\172\013\123\312\117\335\133\210\174\373\176\337}{section.2.1}% 6
\BOOKMARK [2][-]{subsection.2.1.2}{\376\377\117\177\165\050\162\133\230\177\145\271\172\013\211\343\121\263\225\356\230\230}{section.2.1}% 7
\BOOKMARK [2][-]{subsection.2.1.3}{\376\377\220\127\165\131\166\204\116\000\116\052\225\356\230\230}{section.2.1}% 8
\BOOKMARK [1][-]{section.2.2}{\376\377\000H\000a\000m\000i\000l\000t\000o\000n\000\040\153\143\122\031\145\271\172\013}{chapter.2}% 9
\BOOKMARK [2][-]{subsection.2.2.1}{\376\377\000H\000a\000m\000i\000l\000t\000o\000n\000\040\145\271\172\013\166\204\133\374\121\372\124\214\140\047\215\050}{section.2.2}% 10
\BOOKMARK [2][-]{subsection.2.2.2}{\376\377\000H\000a\000m\000i\000l\000t\000o\000n\000\040\145\271\172\013\166\204\145\160\120\074\211\343\154\325}{section.2.2}% 11
\BOOKMARK [1][-]{section.2.3}{\376\377\000H\000a\000m\000i\000l\000t\000o\000n\122\233\133\146\166\204\136\224\165\050\377\032\131\032\201\352\165\061\136\246\134\017\143\057\122\250}{chapter.2}% 12
\BOOKMARK [2][-]{subsection.2.3.1}{\376\377\134\006\136\163\210\141\117\115\177\156\226\104\217\321\166\204\122\277\200\375\121\375\145\160\134\125\137\000\116\072\116\214\153\041\127\213}{section.2.3}% 13
\BOOKMARK [2][-]{subsection.2.3.2}{\376\377\173\200\153\143\127\120\150\007}{section.2.3}% 14
\BOOKMARK [2][-]{subsection.2.3.3}{\376\377\173\200\153\143\127\120\150\007\124\214\000C\000a\000r\000t\000e\000s\000i\000a\000n\127\120\150\007\166\204\121\163\174\373}{section.2.3}% 15
\BOOKMARK [0][-]{chapter.3}{\376\377\221\317\133\120\122\233\133\146\166\204\173\227\173\046\137\142\137\017}{}% 16
\BOOKMARK [1][-]{section.3.1}{\376\377\221\317\133\120\122\233\133\146\166\204\127\372\147\054\120\107\213\276}{chapter.3}% 17
\BOOKMARK [1][-]{section.3.2}{\376\377\116\015\170\156\133\232\140\047\123\237\164\006}{chapter.3}% 18
\BOOKMARK [1][-]{section.3.3}{\376\377\221\317\133\120\122\233\133\146\152\041\127\213\117\123\174\373\377\032\116\000\176\364\145\340\226\120\155\361\122\277\226\061}{chapter.3}% 19
\BOOKMARK [2][-]{subsection.3.3.1}{\376\377\116\000\176\364\145\340\226\120\155\361\122\277\226\061}{section.3.3}% 20
\BOOKMARK [2][-]{subsection.3.3.2}{\376\377\116\000\176\364\122\277\226\061\154\102\211\343\201\352\165\061\174\222\133\120\225\356\230\230}{section.3.3}% 21
\BOOKMARK [2][-]{subsection.3.3.3}{\376\377\165\050\116\000\176\364\122\277\226\061\152\041\127\213\166\204\147\054\137\201\121\375\145\160\154\102\211\343\121\166\116\326\122\277\200\375\117\123\174\373}{section.3.3}% 22
\BOOKMARK [1][-]{section.3.4}{\376\377\221\317\133\120\122\233\133\146\152\041\127\213\117\123\174\373\377\032\214\020\143\057\133\120}{chapter.3}% 23
\BOOKMARK [2][-]{subsection.3.4.1}{\376\377\116\000\176\364\214\020\143\057\133\120\166\204\154\102\211\343\377\010\0001\377\011}{section.3.4}% 24
\BOOKMARK [2][-]{subsection.3.4.2}{\376\377\116\000\176\364\214\020\143\057\133\120\166\204\154\102\211\343\377\010\0002\377\011}{section.3.4}% 25
\BOOKMARK [2][-]{subsection.3.4.3}{\376\377\145\366\225\364\157\024\123\026\225\356\230\230}{section.3.4}% 26
\BOOKMARK [2][-]{subsection.3.4.4}{\376\377\176\317\121\170\124\214\221\317\133\120\140\305\137\142\166\204\153\324\217\203}{section.3.4}% 27
\BOOKMARK [2][-]{subsection.3.4.5}{\376\377\214\020\143\057\133\120\217\320\122\250\166\204\221\317\133\120\133\371\136\224\377\032\166\370\136\162\140\001}{section.3.4}% 28
\BOOKMARK [0][-]{chapter.4}{\376\377\166\370\172\172\225\364}{}% 29
\BOOKMARK [1][-]{section.4.1}{\376\377\221\315\145\260\133\241\211\306\000H\000a\000m\000i\000l\000t\000o\000n\145\271\172\013}{chapter.4}% 30
\BOOKMARK [2][-]{subsection.4.1.1}{\376\377\134\006\000H\000a\000m\000i\000l\000t\000o\000n\145\271\172\013\121\231\116\072\133\371\171\360\166\204\137\142\137\017}{section.4.1}% 31
\BOOKMARK [2][-]{subsection.4.1.2}{\376\377\122\250\122\233\174\373\176\337\166\204\151\202\137\365}{section.4.1}% 32
\BOOKMARK [2][-]{subsection.4.1.3}{\376\377\000H\000a\000m\000i\000l\000t\000o\000n\174\373\176\337\166\204\172\063\133\232\140\047\167\351\226\065}{section.4.1}% 33
\BOOKMARK [1][-]{section.4.2}{\376\377\000L\000i\000o\000u\000v\000i\000l\000l\000e\133\232\164\006}{chapter.4}% 34
\BOOKMARK [2][-]{subsection.4.2.1}{\376\377\000L\000i\000o\000u\000v\000i\000l\000l\000e\133\232\164\006\166\204\143\320\121\372}{section.4.2}% 35
\BOOKMARK [2][-]{subsection.4.2.2}{\376\377\000L\000i\000o\000u\000v\000i\000l\000l\000e\133\232\164\006\166\204\213\301\146\016}{section.4.2}% 36
\BOOKMARK [1][-]{section.4.3}{\376\377\000L\000i\000o\000u\000v\000i\000l\000l\000e\145\271\172\013}{chapter.4}% 37
\BOOKMARK [2][-]{subsection.4.3.1}{\376\377\147\011\121\163\174\373\176\374\166\204\151\202\137\365}{section.4.3}% 38
\BOOKMARK [2][-]{subsection.4.3.2}{\376\377\000L\000i\000o\000u\000v\000i\000l\000l\000e\145\271\172\013}{section.4.3}% 39
\BOOKMARK [1][-]{section.4.4}{\376\377\154\102\211\343\000L\000i\000o\000u\000v\000i\000l\000l\000e\145\271\172\013}{chapter.4}% 40
\BOOKMARK [2][-]{subsection.4.4.1}{\376\377\116\316\000E\000u\000l\000e\000r\126\376\120\317\154\102\211\343\116\373\141\017\145\366\122\073\166\204\133\306\136\246\122\006\136\003}{section.4.4}% 41
\BOOKMARK [2][-]{subsection.4.4.2}{\376\377\116\316\000L\000a\000g\000r\000a\000n\000g\000e\126\376\120\317\154\102\211\343\116\373\141\017\145\366\122\073\133\306\136\246\122\006\136\003}{section.4.4}% 42
\BOOKMARK [1][-]{section.4.5}{\376\377\136\224\165\050\377\032\131\032\123\237\133\120\122\006\133\120\166\204\143\057\122\250\221\115\122\006\121\375\145\160}{chapter.4}% 43
\BOOKMARK [0][-]{chapter.5}{\376\377\221\317\133\120\122\233\133\146\166\204\166\370\172\172\225\364\137\142\137\017}{}% 44
\BOOKMARK [1][-]{section.5.1}{\376\377\176\337\213\241\122\233\133\146\127\372\170\100\126\336\230\176}{chapter.5}% 45
\BOOKMARK [1][-]{section.5.2}{\376\377\133\373\142\176\221\317\133\120\166\370\172\172\225\364\166\204\133\232\116\111}{chapter.5}% 46
\BOOKMARK [1][-]{section.5.3}{\376\377\000W\000i\000g\000n\000e\000r\121\375\145\160\166\204\211\343\147\220\154\102\211\343}{chapter.5}% 47
\BOOKMARK [1][-]{section.5.4}{\376\377\000W\000i\000g\000n\000e\000r\121\375\145\160\116\016\117\040\144\255\133\120}{chapter.5}% 48
\BOOKMARK [0][-]{chapter.6}{\376\377\000L\000a\000g\000r\000a\000n\000g\000e\122\233\133\146\124\214\221\317\133\120\122\233\133\146\166\204\215\357\137\204\171\357\122\006\137\142\137\017}{}% 49
\BOOKMARK [1][-]{section.6.1}{\376\377\147\000\134\017\117\134\165\050\221\317\123\237\164\006\116\016\000L\000a\000g\000r\000a\000n\000g\000e\122\233\133\146}{chapter.6}% 50
\BOOKMARK [1][-]{section.6.2}{\376\377\000H\000a\000m\000i\000l\000t\000o\000n\000-\000J\000a\000c\000o\000b\000i\145\271\172\013}{chapter.6}% 51
\BOOKMARK [1][-]{section.6.3}{\376\377\221\317\133\120\122\233\133\146\166\204\215\357\137\204\171\357\122\006\137\142\137\017}{chapter.6}% 52
\BOOKMARK [2][-]{subsection.6.3.1}{\376\377\117\040\144\255\133\120\116\016\215\357\137\204\171\357\122\006}{section.6.3}% 53
\BOOKMARK [2][-]{subsection.6.3.2}{\376\377\215\357\137\204\171\357\122\006\166\204\121\306\176\317\121\170\217\321\117\074}{section.6.3}% 54
\BOOKMARK [2][-]{subsection.6.3.3}{\376\377\201\352\165\061\174\222\133\120\166\204\117\040\144\255\133\120}{section.6.3}% 55
\BOOKMARK [2][-]{subsection.6.3.4}{\376\377\121\166\116\326\117\123\174\373\166\204\117\040\144\255\133\120}{section.6.3}% 56
\BOOKMARK [1][-]{section.6.4}{\376\377\206\132\145\366\215\357\137\204\171\357\122\006}{chapter.6}% 57
\BOOKMARK [2][-]{subsection.6.4.1}{\376\377\215\357\137\204\171\357\122\006\122\006\133\120\122\250\122\233\133\146}{section.6.4}% 58
\BOOKMARK [2][-]{subsection.6.4.2}{\376\377\221\317\133\120\000M\000o\000n\000t\000e\000-\000C\000a\000r\000l\000o}{section.6.4}% 59
\BOOKMARK [0][-]{chapter.7}{\376\377\221\317\133\120\122\233\133\146\166\204\217\150\176\277\137\142\137\017\040\024\040\024\000B\000o\000h\000m\122\250\122\233\133\146}{}% 60
\BOOKMARK [1][-]{section.7.1}{\376\377\217\336\176\355\140\047\145\271\172\013}{chapter.7}% 61
\BOOKMARK [1][-]{section.7.2}{\376\377\163\273\131\306\122\250\122\233\133\146}{chapter.7}% 62
\BOOKMARK [0][-]{chapter.8}{\376\377\145\366\225\364\121\163\200\124\121\375\145\160\116\016\121\111\214\061}{}% 63
\BOOKMARK [1][-]{section.8.1}{\376\377\162\151\164\006\221\317\166\204\147\037\147\033\120\074\116\016\145\366\225\364\121\163\200\124\121\375\145\160}{chapter.8}% 64
\BOOKMARK [1][-]{section.8.2}{\376\377\145\366\225\364\121\163\200\124\121\375\145\160\116\016\121\111\214\061}{chapter.8}% 65
\BOOKMARK [2][-]{subsection.8.2.1}{\376\377\176\317\121\170\121\111\214\061}{section.8.2}% 66
\BOOKMARK [2][-]{subsection.8.2.2}{\376\377\221\317\133\120\122\233\133\146\116\013\166\204\121\111\214\061}{section.8.2}% 67
